Change Component Designator: Old Designator=* New Designator=*1
Change Component Designator: Old Designator=* New Designator=*2
Change Component Designator: Old Designator=* New Designator=*3
Change Component Designator: Old Designator=* New Designator=*4
Change Component Designator: Old Designator=* New Designator=*5
Change Component Designator: Old Designator=C1 New Designator=C7
Change Component Designator: Old Designator=C1 New Designator=C8
Change Component Designator: Old Designator=C1 New Designator=C12
Change Component Designator: Old Designator=C1 New Designator=C16
Change Component Designator: Old Designator=C2 New Designator=C9
Change Component Designator: Old Designator=C2 New Designator=C10
Change Component Designator: Old Designator=C2 New Designator=C11
Change Component Designator: Old Designator=C2 New Designator=C15
Change Component Designator: Old Designator=C3 New Designator=C13
Change Component Designator: Old Designator=C4 New Designator=C14
Change Component Designator: Old Designator=C5 New Designator=C1
Change Component Designator: Old Designator=C5 New Designator=C2
Change Component Designator: Old Designator=C5 New Designator=C3
Change Component Designator: Old Designator=C5 New Designator=C4
Change Component Designator: Old Designator=C5 New Designator=C6
Change Component Designator: Old Designator=C5 New Designator=C24
Change Component Designator: Old Designator=C6 New Designator=C23
Change Component Designator: Old Designator=C7 New Designator=C17
Change Component Designator: Old Designator=C8 New Designator=C22
Change Component Designator: Old Designator=C9 New Designator=C20
Change Component Designator: Old Designator=C10 New Designator=C19
Change Component Designator: Old Designator=C11 New Designator=C21
Change Component Designator: Old Designator=C16 New Designator=C18
Change Component Designator: Old Designator=D5 New Designator=D1
Change Component Designator: Old Designator=D6 New Designator=D3
Change Component Designator: Old Designator=D7 New Designator=D2
Change Component Designator: Old Designator=P? New Designator=P1
Change Component Designator: Old Designator=R4 New Designator=R1
Change Component Designator: Old Designator=R4 New Designator=R5
Change Component Designator: Old Designator=R5 New Designator=R2
Change Component Designator: Old Designator=R5 New Designator=R4
Change Component Designator: Old Designator=U2 New Designator=U1
