Added Component: Designator=C1(0805C)
Added Component: Designator=C2(0805C)
Added Component: Designator=C3(0805C)
Added Component: Designator=C4(0805C)
Added Component: Designator=C5(0805C)
Added Component: Designator=C6(0805C)
Added Component: Designator=C7(0805C)
Added Component: Designator=C8(0805C)
Added Component: Designator=C9(0805C)
Added Component: Designator=C10(0805C)
Added Component: Designator=C11(0805C)
Added Component: Designator=D1(LED0805)
Added Component: Designator=D2(LED0805)
Added Component: Designator=P1(HDR1X3)
Added Component: Designator=P2(HDR2X13)
Added Component: Designator=P3(HDR2X2)
Added Component: Designator=P4(JTAG20)
Added Component: Designator=P5(HDR2X13)
Added Component: Designator=R1(0805R)
Added Component: Designator=R2(0805R)
Added Component: Designator=R3(0805R)
Added Component: Designator=R4(0805R)
Added Component: Designator=S1(KEY_SOP)
Added Component: Designator=U1(ZZ311)
Added Component: Designator=U2(LQFP64_N)
Added Component: Designator=Y1(OSC2PR-1)
Added Component: Designator=Y2(XTAL-B)
Added Pin To Net: NetName=+3.3 Pin=C1-2
Added Pin To Net: NetName=+3.3 Pin=C2-1
Added Pin To Net: NetName=+3.3 Pin=C5-1
Added Pin To Net: NetName=+3.3 Pin=C6-1
Added Pin To Net: NetName=+3.3 Pin=C8-1
Added Pin To Net: NetName=+3.3 Pin=C11-1
Added Pin To Net: NetName=+3.3 Pin=P4-1
Added Pin To Net: NetName=+3.3 Pin=P4-2
Added Pin To Net: NetName=+3.3 Pin=R1-1
Added Pin To Net: NetName=+3.3 Pin=R2-1
Added Pin To Net: NetName=+3.3 Pin=R3-1
Added Pin To Net: NetName=+3.3 Pin=R4-2
Added Pin To Net: NetName=+3.3 Pin=U1-2
Added Pin To Net: NetName=+3.3 Pin=U1-4
Added Pin To Net: NetName=+3.3 Pin=U2-1
Added Pin To Net: NetName=+3.3 Pin=U2-13
Added Pin To Net: NetName=+3.3 Pin=U2-19
Added Pin To Net: NetName=+3.3 Pin=U2-32
Added Pin To Net: NetName=+3.3 Pin=U2-48
Added Pin To Net: NetName=+3.3 Pin=U2-64
Added Net: Name=+3.3
Added Pin To Net: NetName=+5 Pin=P5-23
Added Pin To Net: NetName=+5 Pin=P5-25
Added Pin To Net: NetName=+5 Pin=U1-3
Added Net: Name=+5
Added Pin To Net: NetName=BOOT0 Pin=P3-4
Added Pin To Net: NetName=BOOT0 Pin=R3-2
Added Pin To Net: NetName=BOOT0 Pin=U2-60
Added Net: Name=BOOT0
Added Pin To Net: NetName=BOOT1 Pin=P2-22
Added Pin To Net: NetName=BOOT1 Pin=P3-3
Added Pin To Net: NetName=BOOT1 Pin=U2-28
Added Net: Name=BOOT1
Added Pin To Net: NetName=GND Pin=C1-1
Added Pin To Net: NetName=GND Pin=C2-2
Added Pin To Net: NetName=GND Pin=C3-1
Added Pin To Net: NetName=GND Pin=C4-1
Added Pin To Net: NetName=GND Pin=C5-2
Added Pin To Net: NetName=GND Pin=C6-2
Added Pin To Net: NetName=GND Pin=C7-2
Added Pin To Net: NetName=GND Pin=C8-2
Added Pin To Net: NetName=GND Pin=C9-1
Added Pin To Net: NetName=GND Pin=C10-2
Added Pin To Net: NetName=GND Pin=C11-2
Added Pin To Net: NetName=GND Pin=D1-2
Added Pin To Net: NetName=GND Pin=P1-3
Added Pin To Net: NetName=GND Pin=P2-25
Added Pin To Net: NetName=GND Pin=P2-26
Added Pin To Net: NetName=GND Pin=P3-1
Added Pin To Net: NetName=GND Pin=P3-2
Added Pin To Net: NetName=GND Pin=P4-4
Added Pin To Net: NetName=GND Pin=P4-6
Added Pin To Net: NetName=GND Pin=P4-8
Added Pin To Net: NetName=GND Pin=P4-10
Added Pin To Net: NetName=GND Pin=P4-12
Added Pin To Net: NetName=GND Pin=P4-14
Added Pin To Net: NetName=GND Pin=P4-16
Added Pin To Net: NetName=GND Pin=P4-18
Added Pin To Net: NetName=GND Pin=P4-20
Added Pin To Net: NetName=GND Pin=P5-24
Added Pin To Net: NetName=GND Pin=P5-26
Added Pin To Net: NetName=GND Pin=S1-2
Added Pin To Net: NetName=GND Pin=U1-1
Added Pin To Net: NetName=GND Pin=U2-12
Added Pin To Net: NetName=GND Pin=U2-18
Added Pin To Net: NetName=GND Pin=U2-31
Added Pin To Net: NetName=GND Pin=U2-47
Added Pin To Net: NetName=GND Pin=U2-63
Added Net: Name=GND
Added Pin To Net: NetName=NetC3_2 Pin=C3-2
Added Pin To Net: NetName=NetC3_2 Pin=U2-5
Added Pin To Net: NetName=NetC3_2 Pin=Y1-2
Added Net: Name=NetC3_2
Added Pin To Net: NetName=NetC4_2 Pin=C4-2
Added Pin To Net: NetName=NetC4_2 Pin=U2-6
Added Pin To Net: NetName=NetC4_2 Pin=Y1-1
Added Net: Name=NetC4_2
Added Pin To Net: NetName=NetC7_1 Pin=C7-1
Added Pin To Net: NetName=NetC7_1 Pin=U2-3
Added Pin To Net: NetName=NetC7_1 Pin=Y2-2
Added Net: Name=NetC7_1
Added Pin To Net: NetName=NetC10_1 Pin=C10-1
Added Pin To Net: NetName=NetC10_1 Pin=U2-4
Added Pin To Net: NetName=NetC10_1 Pin=Y2-1
Added Net: Name=NetC10_1
Added Pin To Net: NetName=NetD1_1 Pin=D1-1
Added Pin To Net: NetName=NetD1_1 Pin=R1-2
Added Net: Name=NetD1_1
Added Pin To Net: NetName=NetD2_1 Pin=D2-1
Added Pin To Net: NetName=NetD2_1 Pin=R2-2
Added Net: Name=NetD2_1
Added Pin To Net: NetName=NRST Pin=C9-2
Added Pin To Net: NetName=NRST Pin=P4-15
Added Pin To Net: NetName=NRST Pin=R4-1
Added Pin To Net: NetName=NRST Pin=S1-1
Added Pin To Net: NetName=NRST Pin=U2-7
Added Net: Name=NRST
Added Pin To Net: NetName=PA0 Pin=P5-13
Added Pin To Net: NetName=PA0 Pin=U2-14
Added Net: Name=PA0
Added Pin To Net: NetName=PA1 Pin=P5-14
Added Pin To Net: NetName=PA1 Pin=U2-15
Added Net: Name=PA1
Added Pin To Net: NetName=PA2 Pin=P5-15
Added Pin To Net: NetName=PA2 Pin=U2-16
Added Net: Name=PA2
Added Pin To Net: NetName=PA3 Pin=P5-16
Added Pin To Net: NetName=PA3 Pin=U2-17
Added Net: Name=PA3
Added Pin To Net: NetName=PA4 Pin=P5-17
Added Pin To Net: NetName=PA4 Pin=U2-20
Added Net: Name=PA4
Added Pin To Net: NetName=PA5 Pin=P5-18
Added Pin To Net: NetName=PA5 Pin=U2-21
Added Net: Name=PA5
Added Pin To Net: NetName=PA6 Pin=P5-19
Added Pin To Net: NetName=PA6 Pin=U2-22
Added Net: Name=PA6
Added Pin To Net: NetName=PA7 Pin=P5-20
Added Pin To Net: NetName=PA7 Pin=U2-23
Added Net: Name=PA7
Added Pin To Net: NetName=PA8 Pin=P2-11
Added Pin To Net: NetName=PA8 Pin=U2-41
Added Net: Name=PA8
Added Pin To Net: NetName=PA9 Pin=P1-1
Added Pin To Net: NetName=PA9 Pin=P2-10
Added Pin To Net: NetName=PA9 Pin=U2-42
Added Net: Name=PA9
Added Pin To Net: NetName=PA10 Pin=P1-2
Added Pin To Net: NetName=PA10 Pin=P2-9
Added Pin To Net: NetName=PA10 Pin=U2-43
Added Net: Name=PA10
Added Pin To Net: NetName=PA11 Pin=P2-8
Added Pin To Net: NetName=PA11 Pin=U2-44
Added Net: Name=PA11
Added Pin To Net: NetName=PA12 Pin=P2-7
Added Pin To Net: NetName=PA12 Pin=U2-45
Added Net: Name=PA12
Added Pin To Net: NetName=PA13 Pin=P2-6
Added Pin To Net: NetName=PA13 Pin=P4-7
Added Pin To Net: NetName=PA13 Pin=U2-46
Added Net: Name=PA13
Added Pin To Net: NetName=PA14 Pin=P2-5
Added Pin To Net: NetName=PA14 Pin=P4-9
Added Pin To Net: NetName=PA14 Pin=U2-49
Added Net: Name=PA14
Added Pin To Net: NetName=PA15 Pin=P2-4
Added Pin To Net: NetName=PA15 Pin=U2-50
Added Net: Name=PA15
Added Pin To Net: NetName=PB0 Pin=P2-24
Added Pin To Net: NetName=PB0 Pin=U2-26
Added Net: Name=PB0
Added Pin To Net: NetName=PB1 Pin=P2-23
Added Pin To Net: NetName=PB1 Pin=U2-27
Added Net: Name=PB1
Added Pin To Net: NetName=PB3 Pin=P5-1
Added Pin To Net: NetName=PB3 Pin=U2-55
Added Net: Name=PB3
Added Pin To Net: NetName=PB4 Pin=P5-2
Added Pin To Net: NetName=PB4 Pin=U2-56
Added Net: Name=PB4
Added Pin To Net: NetName=PB5 Pin=P5-3
Added Pin To Net: NetName=PB5 Pin=U2-57
Added Net: Name=PB5
Added Pin To Net: NetName=PB6 Pin=P5-4
Added Pin To Net: NetName=PB6 Pin=U2-58
Added Net: Name=PB6
Added Pin To Net: NetName=PB7 Pin=P5-5
Added Pin To Net: NetName=PB7 Pin=U2-59
Added Net: Name=PB7
Added Pin To Net: NetName=PB8 Pin=P5-6
Added Pin To Net: NetName=PB8 Pin=U2-61
Added Net: Name=PB8
Added Pin To Net: NetName=PB9 Pin=P5-7
Added Pin To Net: NetName=PB9 Pin=U2-62
Added Net: Name=PB9
Added Pin To Net: NetName=PB10 Pin=P2-21
Added Pin To Net: NetName=PB10 Pin=U2-29
Added Net: Name=PB10
Added Pin To Net: NetName=PB11 Pin=P2-20
Added Pin To Net: NetName=PB11 Pin=U2-30
Added Net: Name=PB11
Added Pin To Net: NetName=PB12 Pin=P2-19
Added Pin To Net: NetName=PB12 Pin=U2-33
Added Net: Name=PB12
Added Pin To Net: NetName=PB13 Pin=P2-18
Added Pin To Net: NetName=PB13 Pin=U2-34
Added Net: Name=PB13
Added Pin To Net: NetName=PB14 Pin=P2-17
Added Pin To Net: NetName=PB14 Pin=U2-35
Added Net: Name=PB14
Added Pin To Net: NetName=PB15 Pin=P2-16
Added Pin To Net: NetName=PB15 Pin=U2-36
Added Net: Name=PB15
Added Pin To Net: NetName=PC0 Pin=P5-9
Added Pin To Net: NetName=PC0 Pin=U2-8
Added Net: Name=PC0
Added Pin To Net: NetName=PC1 Pin=P5-10
Added Pin To Net: NetName=PC1 Pin=U2-9
Added Net: Name=PC1
Added Pin To Net: NetName=PC2 Pin=P5-11
Added Pin To Net: NetName=PC2 Pin=U2-10
Added Net: Name=PC2
Added Pin To Net: NetName=PC3 Pin=P5-12
Added Pin To Net: NetName=PC3 Pin=U2-11
Added Net: Name=PC3
Added Pin To Net: NetName=PC4 Pin=P5-21
Added Pin To Net: NetName=PC4 Pin=U2-24
Added Net: Name=PC4
Added Pin To Net: NetName=PC5 Pin=P5-22
Added Pin To Net: NetName=PC5 Pin=U2-25
Added Net: Name=PC5
Added Pin To Net: NetName=PC6 Pin=P2-15
Added Pin To Net: NetName=PC6 Pin=U2-37
Added Net: Name=PC6
Added Pin To Net: NetName=PC7 Pin=P2-14
Added Pin To Net: NetName=PC7 Pin=U2-38
Added Net: Name=PC7
Added Pin To Net: NetName=PC8 Pin=P2-13
Added Pin To Net: NetName=PC8 Pin=U2-39
Added Net: Name=PC8
Added Pin To Net: NetName=PC9 Pin=P2-12
Added Pin To Net: NetName=PC9 Pin=U2-40
Added Net: Name=PC9
Added Pin To Net: NetName=PC10 Pin=P2-3
Added Pin To Net: NetName=PC10 Pin=U2-51
Added Net: Name=PC10
Added Pin To Net: NetName=PC11 Pin=P2-2
Added Pin To Net: NetName=PC11 Pin=U2-52
Added Net: Name=PC11
Added Pin To Net: NetName=PC12 Pin=P2-1
Added Pin To Net: NetName=PC12 Pin=U2-53
Added Net: Name=PC12
Added Pin To Net: NetName=PC13 Pin=P5-8
Added Pin To Net: NetName=PC13 Pin=U2-2
Added Net: Name=PC13
Added Pin To Net: NetName=PD2 Pin=D2-2
Added Pin To Net: NetName=PD2 Pin=U2-54
Added Net: Name=PD2
Added Class: Name=STM32F103RB最小系统_RV2
Added Room: Name=STM32F103RB最小系统_RV2
